<?xml version="1.0" encoding="UTF-8"?>
<!-- Generated by org.testng.reporters.JUnitReportReporter -->
<testsuite hostname="Yash" failures="0" tests="1" name="testcases.practiceSelenium.BasicSelenium" time="0.061" errors="0" timestamp="2024-09-05T00:26:43 IST" skipped="0">
  <testcase classname="testcases.practiceSelenium.BasicSelenium" name="method1" time="0.061"/>
</testsuite> <!-- testcases.practiceSelenium.BasicSelenium -->
